mobile/build/outputs/logs/manifest-merger-debug-report.txt
-- Merging decision tree log ---
manifest
ADDED from src/main/AndroidManifest.xml:2:1-75:12
	package
		ADDED from src/main/AndroidManifest.xml:3:5-26
		INJECTED from src/main/AndroidManifest.xml
		INJECTED from src/main/AndroidManifest.xml
	android:versionName
		INJECTED from src/main/AndroidManifest.xml
		INJECTED from src/main/AndroidManifest.xml
	xmlns:android
		ADDED from src/main/AndroidManifest.xml:2:11-69
	android:versionCode
		INJECTED from src/main/AndroidManifest.xml
		INJECTED from src/main/AndroidManifest.xml
uses-permission#android.permission.WAKE_LOCK
ADDED from src/main/AndroidManifest.xml:5:5-68
	android:name
		ADDED from src/main/AndroidManifest.xml:5:22-65
application
ADDED from src/main/AndroidManifest.xml:7:5-73:19
MERGED from [com.android.support:appcompat-v7:24.0.0-beta1] AndroidManifest.xml:25:5-20
MERGED from [com.android.support:support-v4:24.0.0-beta1] AndroidManifest.xml:25:5-20
MERGED from [com.android.support:support-vector-drawable:24.0.0-beta1] AndroidManifest.xml:23:5-20
MERGED from [com.android.support:support-v4:24.0.0-beta1] AndroidManifest.xml:25:5-20
MERGED from [com.android.support:animated-vector-drawable:24.0.0-beta1] AndroidManifest.xml:22:5-20
MERGED from [com.android.support:support-vector-drawable:24.0.0-beta1] AndroidManifest.xml:23:5-20
MERGED from [com.android.support:support-v4:24.0.0-beta1] AndroidManifest.xml:25:5-20
MERGED from [com.android.support.constraint:constraint-layout:1.0.0-alpha3] AndroidManifest.xml:9:5-20
MERGED from [com.android.support:support-v4:24.0.0-beta1] AndroidManifest.xml:25:5-20
	android:label
		ADDED from src/main/AndroidManifest.xml:10:9-41
	android:supportsRtl
		ADDED from src/main/AndroidManifest.xml:11:9-35
	android:allowBackup
		ADDED from src/main/AndroidManifest.xml:8:9-35
	android:icon
		ADDED from src/main/AndroidManifest.xml:9:9-43
	android:theme
		ADDED from src/main/AndroidManifest.xml:12:9-40
activity#gdg.iojkuat.MainActivity
ADDED from src/main/AndroidManifest.xml:13:9-19:20
	android:name
		ADDED from src/main/AndroidManifest.xml:13:19-47
intent-filter#android.intent.action.MAIN+android.intent.category.LAUNCHER
ADDED from src/main/AndroidManifest.xml:14:13-18:29
action#android.intent.action.MAIN
ADDED from src/main/AndroidManifest.xml:15:17-69
	android:name
		ADDED from src/main/AndroidManifest.xml:15:25-66
category#android.intent.category.LAUNCHER
ADDED from src/main/AndroidManifest.xml:17:17-77
	android:name
		ADDED from src/main/AndroidManifest.xml:17:27-74
activity#gdg.iojkuat.Constraint
ADDED from src/main/AndroidManifest.xml:20:9-48
	android:name
		ADDED from src/main/AndroidManifest.xml:20:19-45
activity#gdg.iojkuat.multiwindow.UnresizableActivity
ADDED from src/main/AndroidManifest.xml:22:9-25:39
	android:resizeableActivity
		ADDED from src/main/AndroidManifest.xml:24:13-47
	android:taskAffinity
		ADDED from src/main/AndroidManifest.xml:25:13-36
	android:name
		ADDED from src/main/AndroidManifest.xml:23:13-60
activity#gdg.iojkuat.multiwindow.MinimumSizeActivity
ADDED from src/main/AndroidManifest.xml:29:9-39:20
	android:launchMode
		ADDED from src/main/AndroidManifest.xml:31:13-48
	android:taskAffinity
		ADDED from src/main/AndroidManifest.xml:32:13-36
	android:name
		ADDED from src/main/AndroidManifest.xml:30:13-60
layout
ADDED from src/main/AndroidManifest.xml:33:13-38:48
	android:minimalWidth
		ADDED from src/main/AndroidManifest.xml:38:17-45
	android:gravity
		ADDED from src/main/AndroidManifest.xml:36:17-42
	android:minimalHeight
		ADDED from src/main/AndroidManifest.xml:37:17-46
	android:defaultHeight
		ADDED from src/main/AndroidManifest.xml:34:17-46
	android:defaultWidth
		ADDED from src/main/AndroidManifest.xml:35:17-45
activity#gdg.iojkuat.multiwindow.AdjacentActivity
ADDED from src/main/AndroidManifest.xml:44:9-46:39
	android:taskAffinity
		ADDED from src/main/AndroidManifest.xml:46:13-36
	android:name
		ADDED from src/main/AndroidManifest.xml:45:13-57
activity#gdg.iojkuat.multiwindow.LaunchBoundsActivity
ADDED from src/main/AndroidManifest.xml:49:9-51:39
	android:taskAffinity
		ADDED from src/main/AndroidManifest.xml:51:13-36
	android:name
		ADDED from src/main/AndroidManifest.xml:50:13-61
activity#gdg.iojkuat.multiwindow.CustomConfigurationChangeActivity
ADDED from src/main/AndroidManifest.xml:57:9-61:39
	android:launchMode
		ADDED from src/main/AndroidManifest.xml:60:13-48
	android:configChanges
		ADDED from src/main/AndroidManifest.xml:59:13-91
	android:taskAffinity
		ADDED from src/main/AndroidManifest.xml:61:13-36
	android:name
		ADDED from src/main/AndroidManifest.xml:58:13-74
activity#gdg.iojkuat.multiwindow.BasicActivity
ADDED from src/main/AndroidManifest.xml:64:9-67:39
	android:launchMode
		ADDED from src/main/AndroidManifest.xml:66:13-48
	android:taskAffinity
		ADDED from src/main/AndroidManifest.xml:67:13-36
	android:name
		ADDED from src/main/AndroidManifest.xml:65:13-54
activity#gdg.iojkuat.notification.NotificationActivity
ADDED from src/main/AndroidManifest.xml:68:9-71
	android:name
		ADDED from src/main/AndroidManifest.xml:68:19-68
activity#gdg.iojkuat.notification.ActiveNotificationsActivity
ADDED from src/main/AndroidManifest.xml:69:9-71:57
	android:label
		ADDED from src/main/AndroidManifest.xml:71:13-45
	android:name
		ADDED from src/main/AndroidManifest.xml:70:13-69
activity#gdg.iojkuat.scopedaccess.ScopedActivity
ADDED from src/main/AndroidManifest.xml:72:9-74
	android:name
		ADDED from src/main/AndroidManifest.xml:72:19-62
uses-sdk
INJECTED from src/main/AndroidManifest.xml reason: use-sdk injection requested
MERGED from [com.android.support:appcompat-v7:24.0.0-beta1] AndroidManifest.xml:21:5-23:78
MERGED from [com.android.support:support-v4:24.0.0-beta1] AndroidManifest.xml:21:5-23:54
MERGED from [com.android.support:support-vector-drawable:24.0.0-beta1] AndroidManifest.xml:21:5-43
MERGED from [com.android.support:support-v4:24.0.0-beta1] AndroidManifest.xml:21:5-23:54
MERGED from [com.android.support:animated-vector-drawable:24.0.0-beta1] AndroidManifest.xml:20:5-44
MERGED from [com.android.support:support-vector-drawable:24.0.0-beta1] AndroidManifest.xml:21:5-43
MERGED from [com.android.support:support-v4:24.0.0-beta1] AndroidManifest.xml:21:5-23:54
MERGED from [com.android.support.constraint:constraint-layout:1.0.0-alpha3] AndroidManifest.xml:5:5-7:41
MERGED from [com.android.support:recyclerview-v7:24.0.0-alpha1] AndroidManifest.xml:20:5-43
MERGED from [com.android.support:support-v4:24.0.0-beta1] AndroidManifest.xml:21:5-23:54
	tools:overrideLibrary
		ADDED from [com.android.support:appcompat-v7:24.0.0-beta1] AndroidManifest.xml:23:9-75
	android:targetSdkVersion
		INJECTED from src/main/AndroidManifest.xml
		INJECTED from src/main/AndroidManifest.xml
	android:minSdkVersion
		INJECTED from src/main/AndroidManifest.xml
		INJECTED from src/main/AndroidManifest.xml